[2024-07-26 22:12:27] production.ERROR: No application encryption key has been specified. {"exception":"[object] (Illuminate\\Encryption\\MissingAppKeyException(code: 0): No application encryption key has been specified. at /home/fabrica0/Escritorio/app_complementariaBack/vendor/laravel/framework/src/Illuminate/Encryption/EncryptionServiceProvider.php:83)
[stacktrace]
#0 /home/fabrica0/Escritorio/app_complementariaBack/vendor/laravel/framework/src/Illuminate/Support/helpers.php(380): Illuminate\\Encryption\\EncryptionServiceProvider->Illuminate\\Encryption\\{closure}()
#1 /home/fabrica0/Escritorio/app_complementariaBack/vendor/laravel/framework/src/Illuminate/Encryption/EncryptionServiceProvider.php(81): tap()
#2 /home/fabrica0/Escritorio/app_complementariaBack/vendor/laravel/framework/src/Illuminate/Encryption/EncryptionServiceProvider.php(64): Illuminate\\Encryption\\EncryptionServiceProvider->key()
#3 /home/fabrica0/Escritorio/app_complementariaBack/vendor/laravel/framework/src/Illuminate/Encryption/EncryptionServiceProvider.php(32): Illuminate\\Encryption\\EncryptionServiceProvider->parseKey()
#4 /home/fabrica0/Escritorio/app_complementariaBack/vendor/laravel/framework/src/Illuminate/Container/Container.php(931): Illuminate\\Encryption\\EncryptionServiceProvider->Illuminate\\Encryption\\{closure}()
#5 /home/fabrica0/Escritorio/app_complementariaBack/vendor/laravel/framework/src/Illuminate/Container/Container.php(815): Illuminate\\Container\\Container->build()
#6 /home/fabrica0/Escritorio/app_complementariaBack/vendor/laravel/framework/src/Illuminate/Foundation/Application.php(1046): Illuminate\\Container\\Container->resolve()
#7 /home/fabrica0/Escritorio/app_complementariaBack/vendor/laravel/framework/src/Illuminate/Container/Container.php(751): Illuminate\\Foundation\\Application->resolve()
#8 /home/fabrica0/Escritorio/app_complementariaBack/vendor/laravel/framework/src/Illuminate/Foundation/Application.php(1028): Illuminate\\Container\\Container->make()
#9 /home/fabrica0/Escritorio/app_complementariaBack/vendor/laravel/framework/src/Illuminate/Container/Container.php(1119): Illuminate\\Foundation\\Application->make()
#10 /home/fabrica0/Escritorio/app_complementariaBack/vendor/laravel/framework/src/Illuminate/Container/Container.php(1022): Illuminate\\Container\\Container->resolveClass()
#11 /home/fabrica0/Escritorio/app_complementariaBack/vendor/laravel/framework/src/Illuminate/Container/Container.php(973): Illuminate\\Container\\Container->resolveDependencies()
#12 /home/fabrica0/Escritorio/app_complementariaBack/vendor/laravel/framework/src/Illuminate/Container/Container.php(815): Illuminate\\Container\\Container->build()
#13 /home/fabrica0/Escritorio/app_complementariaBack/vendor/laravel/framework/src/Illuminate/Foundation/Application.php(1046): Illuminate\\Container\\Container->resolve()
#14 /home/fabrica0/Escritorio/app_complementariaBack/vendor/laravel/framework/src/Illuminate/Container/Container.php(751): Illuminate\\Foundation\\Application->resolve()
#15 /home/fabrica0/Escritorio/app_complementariaBack/vendor/laravel/framework/src/Illuminate/Foundation/Application.php(1028): Illuminate\\Container\\Container->make()
#16 /home/fabrica0/Escritorio/app_complementariaBack/vendor/laravel/framework/src/Illuminate/Pipeline/Pipeline.php(172): Illuminate\\Foundation\\Application->make()
#17 /home/fabrica0/Escritorio/app_complementariaBack/vendor/laravel/framework/src/Illuminate/Pipeline/Pipeline.php(119): Illuminate\\Pipeline\\Pipeline->Illuminate\\Pipeline\\{closure}()
#18 /home/fabrica0/Escritorio/app_complementariaBack/vendor/laravel/framework/src/Illuminate/Routing/Router.php(807): Illuminate\\Pipeline\\Pipeline->then()
#19 /home/fabrica0/Escritorio/app_complementariaBack/vendor/laravel/framework/src/Illuminate/Routing/Router.php(786): Illuminate\\Routing\\Router->runRouteWithinStack()
#20 /home/fabrica0/Escritorio/app_complementariaBack/vendor/laravel/framework/src/Illuminate/Routing/Router.php(750): Illuminate\\Routing\\Router->runRoute()
#21 /home/fabrica0/Escritorio/app_complementariaBack/vendor/laravel/framework/src/Illuminate/Routing/Router.php(739): Illuminate\\Routing\\Router->dispatchToRoute()
#22 /home/fabrica0/Escritorio/app_complementariaBack/vendor/laravel/framework/src/Illuminate/Foundation/Http/Kernel.php(201): Illuminate\\Routing\\Router->dispatch()
#23 /home/fabrica0/Escritorio/app_complementariaBack/vendor/laravel/framework/src/Illuminate/Pipeline/Pipeline.php(144): Illuminate\\Foundation\\Http\\Kernel->Illuminate\\Foundation\\Http\\{closure}()
#24 /home/fabrica0/Escritorio/app_complementariaBack/vendor/laravel/framework/src/Illuminate/Foundation/Http/Middleware/TransformsRequest.php(21): Illuminate\\Pipeline\\Pipeline->Illuminate\\Pipeline\\{closure}()
#25 /home/fabrica0/Escritorio/app_complementariaBack/vendor/laravel/framework/src/Illuminate/Foundation/Http/Middleware/ConvertEmptyStringsToNull.php(31): Illuminate\\Foundation\\Http\\Middleware\\TransformsRequest->handle()
#26 /home/fabrica0/Escritorio/app_complementariaBack/vendor/laravel/framework/src/Illuminate/Pipeline/Pipeline.php(183): Illuminate\\Foundation\\Http\\Middleware\\ConvertEmptyStringsToNull->handle()
#27 /home/fabrica0/Escritorio/app_complementariaBack/vendor/laravel/framework/src/Illuminate/Foundation/Http/Middleware/TransformsRequest.php(21): Illuminate\\Pipeline\\Pipeline->Illuminate\\Pipeline\\{closure}()
#28 /home/fabrica0/Escritorio/app_complementariaBack/vendor/laravel/framework/src/Illuminate/Foundation/Http/Middleware/TrimStrings.php(51): Illuminate\\Foundation\\Http\\Middleware\\TransformsRequest->handle()
#29 /home/fabrica0/Escritorio/app_complementariaBack/vendor/laravel/framework/src/Illuminate/Pipeline/Pipeline.php(183): Illuminate\\Foundation\\Http\\Middleware\\TrimStrings->handle()
#30 /home/fabrica0/Escritorio/app_complementariaBack/vendor/laravel/framework/src/Illuminate/Http/Middleware/ValidatePostSize.php(27): Illuminate\\Pipeline\\Pipeline->Illuminate\\Pipeline\\{closure}()
#31 /home/fabrica0/Escritorio/app_complementariaBack/vendor/laravel/framework/src/Illuminate/Pipeline/Pipeline.php(183): Illuminate\\Http\\Middleware\\ValidatePostSize->handle()
#32 /home/fabrica0/Escritorio/app_complementariaBack/vendor/laravel/framework/src/Illuminate/Foundation/Http/Middleware/PreventRequestsDuringMaintenance.php(110): Illuminate\\Pipeline\\Pipeline->Illuminate\\Pipeline\\{closure}()
#33 /home/fabrica0/Escritorio/app_complementariaBack/vendor/laravel/framework/src/Illuminate/Pipeline/Pipeline.php(183): Illuminate\\Foundation\\Http\\Middleware\\PreventRequestsDuringMaintenance->handle()
#34 /home/fabrica0/Escritorio/app_complementariaBack/vendor/laravel/framework/src/Illuminate/Http/Middleware/HandleCors.php(49): Illuminate\\Pipeline\\Pipeline->Illuminate\\Pipeline\\{closure}()
#35 /home/fabrica0/Escritorio/app_complementariaBack/vendor/laravel/framework/src/Illuminate/Pipeline/Pipeline.php(183): Illuminate\\Http\\Middleware\\HandleCors->handle()
#36 /home/fabrica0/Escritorio/app_complementariaBack/vendor/laravel/framework/src/Illuminate/Http/Middleware/TrustProxies.php(57): Illuminate\\Pipeline\\Pipeline->Illuminate\\Pipeline\\{closure}()
#37 /home/fabrica0/Escritorio/app_complementariaBack/vendor/laravel/framework/src/Illuminate/Pipeline/Pipeline.php(183): Illuminate\\Http\\Middleware\\TrustProxies->handle()
#38 /home/fabrica0/Escritorio/app_complementariaBack/vendor/laravel/framework/src/Illuminate/Pipeline/Pipeline.php(119): Illuminate\\Pipeline\\Pipeline->Illuminate\\Pipeline\\{closure}()
#39 /home/fabrica0/Escritorio/app_complementariaBack/vendor/laravel/framework/src/Illuminate/Foundation/Http/Kernel.php(176): Illuminate\\Pipeline\\Pipeline->then()
#40 /home/fabrica0/Escritorio/app_complementariaBack/vendor/laravel/framework/src/Illuminate/Foundation/Http/Kernel.php(145): Illuminate\\Foundation\\Http\\Kernel->sendRequestThroughRouter()
#41 /home/fabrica0/Escritorio/app_complementariaBack/vendor/laravel/framework/src/Illuminate/Foundation/Application.php(1188): Illuminate\\Foundation\\Http\\Kernel->handle()
#42 /home/fabrica0/Escritorio/app_complementariaBack/public/index.php(17): Illuminate\\Foundation\\Application->handleRequest()
#43 /home/fabrica0/Escritorio/app_complementariaBack/vendor/laravel/framework/src/Illuminate/Foundation/resources/server.php(23): require_once('...')
#44 {main}
"} 
[2024-07-26 22:12:27] production.ERROR: No application encryption key has been specified. {"exception":"[object] (Illuminate\\Encryption\\MissingAppKeyException(code: 0): No application encryption key has been specified. at /home/fabrica0/Escritorio/app_complementariaBack/vendor/laravel/framework/src/Illuminate/Encryption/EncryptionServiceProvider.php:83)
[stacktrace]
#0 /home/fabrica0/Escritorio/app_complementariaBack/vendor/laravel/framework/src/Illuminate/Support/helpers.php(380): Illuminate\\Encryption\\EncryptionServiceProvider->Illuminate\\Encryption\\{closure}()
#1 /home/fabrica0/Escritorio/app_complementariaBack/vendor/laravel/framework/src/Illuminate/Encryption/EncryptionServiceProvider.php(81): tap()
#2 /home/fabrica0/Escritorio/app_complementariaBack/vendor/laravel/framework/src/Illuminate/Encryption/EncryptionServiceProvider.php(64): Illuminate\\Encryption\\EncryptionServiceProvider->key()
#3 /home/fabrica0/Escritorio/app_complementariaBack/vendor/laravel/framework/src/Illuminate/Encryption/EncryptionServiceProvider.php(32): Illuminate\\Encryption\\EncryptionServiceProvider->parseKey()
#4 /home/fabrica0/Escritorio/app_complementariaBack/vendor/laravel/framework/src/Illuminate/Container/Container.php(931): Illuminate\\Encryption\\EncryptionServiceProvider->Illuminate\\Encryption\\{closure}()
#5 /home/fabrica0/Escritorio/app_complementariaBack/vendor/laravel/framework/src/Illuminate/Container/Container.php(815): Illuminate\\Container\\Container->build()
#6 /home/fabrica0/Escritorio/app_complementariaBack/vendor/laravel/framework/src/Illuminate/Foundation/Application.php(1046): Illuminate\\Container\\Container->resolve()
#7 /home/fabrica0/Escritorio/app_complementariaBack/vendor/laravel/framework/src/Illuminate/Container/Container.php(751): Illuminate\\Foundation\\Application->resolve()
#8 /home/fabrica0/Escritorio/app_complementariaBack/vendor/laravel/framework/src/Illuminate/Foundation/Application.php(1028): Illuminate\\Container\\Container->make()
#9 /home/fabrica0/Escritorio/app_complementariaBack/vendor/laravel/framework/src/Illuminate/Container/Container.php(1119): Illuminate\\Foundation\\Application->make()
#10 /home/fabrica0/Escritorio/app_complementariaBack/vendor/laravel/framework/src/Illuminate/Container/Container.php(1022): Illuminate\\Container\\Container->resolveClass()
#11 /home/fabrica0/Escritorio/app_complementariaBack/vendor/laravel/framework/src/Illuminate/Container/Container.php(973): Illuminate\\Container\\Container->resolveDependencies()
#12 /home/fabrica0/Escritorio/app_complementariaBack/vendor/laravel/framework/src/Illuminate/Container/Container.php(815): Illuminate\\Container\\Container->build()
#13 /home/fabrica0/Escritorio/app_complementariaBack/vendor/laravel/framework/src/Illuminate/Foundation/Application.php(1046): Illuminate\\Container\\Container->resolve()
#14 /home/fabrica0/Escritorio/app_complementariaBack/vendor/laravel/framework/src/Illuminate/Container/Container.php(751): Illuminate\\Foundation\\Application->resolve()
#15 /home/fabrica0/Escritorio/app_complementariaBack/vendor/laravel/framework/src/Illuminate/Foundation/Application.php(1028): Illuminate\\Container\\Container->make()
#16 /home/fabrica0/Escritorio/app_complementariaBack/vendor/laravel/framework/src/Illuminate/Foundation/Http/Kernel.php(258): Illuminate\\Foundation\\Application->make()
#17 /home/fabrica0/Escritorio/app_complementariaBack/vendor/laravel/framework/src/Illuminate/Foundation/Http/Kernel.php(216): Illuminate\\Foundation\\Http\\Kernel->terminateMiddleware()
#18 /home/fabrica0/Escritorio/app_complementariaBack/vendor/laravel/framework/src/Illuminate/Foundation/Application.php(1190): Illuminate\\Foundation\\Http\\Kernel->terminate()
#19 /home/fabrica0/Escritorio/app_complementariaBack/public/index.php(17): Illuminate\\Foundation\\Application->handleRequest()
#20 /home/fabrica0/Escritorio/app_complementariaBack/vendor/laravel/framework/src/Illuminate/Foundation/resources/server.php(23): require_once('...')
#21 {main}
"} 
[2024-07-26 22:13:28] production.ERROR: file_get_contents(/home/fabrica0/Escritorio/app_complementariaBack/.env): Failed to open stream: No such file or directory {"exception":"[object] (ErrorException(code: 0): file_get_contents(/home/fabrica0/Escritorio/app_complementariaBack/.env): Failed to open stream: No such file or directory at /home/fabrica0/Escritorio/app_complementariaBack/vendor/laravel/framework/src/Illuminate/Foundation/Console/KeyGenerateCommand.php:100)
[stacktrace]
#0 /home/fabrica0/Escritorio/app_complementariaBack/vendor/laravel/framework/src/Illuminate/Foundation/Bootstrap/HandleExceptions.php(256): Illuminate\\Foundation\\Bootstrap\\HandleExceptions->handleError()
#1 [internal function]: Illuminate\\Foundation\\Bootstrap\\HandleExceptions->Illuminate\\Foundation\\Bootstrap\\{closure}()
#2 /home/fabrica0/Escritorio/app_complementariaBack/vendor/laravel/framework/src/Illuminate/Foundation/Console/KeyGenerateCommand.php(100): file_get_contents()
#3 /home/fabrica0/Escritorio/app_complementariaBack/vendor/laravel/framework/src/Illuminate/Foundation/Console/KeyGenerateCommand.php(82): Illuminate\\Foundation\\Console\\KeyGenerateCommand->writeNewEnvironmentFileWith()
#4 /home/fabrica0/Escritorio/app_complementariaBack/vendor/laravel/framework/src/Illuminate/Foundation/Console/KeyGenerateCommand.php(47): Illuminate\\Foundation\\Console\\KeyGenerateCommand->setKeyInEnvironmentFile()
#5 /home/fabrica0/Escritorio/app_complementariaBack/vendor/laravel/framework/src/Illuminate/Container/BoundMethod.php(36): Illuminate\\Foundation\\Console\\KeyGenerateCommand->handle()
#6 /home/fabrica0/Escritorio/app_complementariaBack/vendor/laravel/framework/src/Illuminate/Container/Util.php(41): Illuminate\\Container\\BoundMethod::Illuminate\\Container\\{closure}()
#7 /home/fabrica0/Escritorio/app_complementariaBack/vendor/laravel/framework/src/Illuminate/Container/BoundMethod.php(93): Illuminate\\Container\\Util::unwrapIfClosure()
#8 /home/fabrica0/Escritorio/app_complementariaBack/vendor/laravel/framework/src/Illuminate/Container/BoundMethod.php(35): Illuminate\\Container\\BoundMethod::callBoundMethod()
#9 /home/fabrica0/Escritorio/app_complementariaBack/vendor/laravel/framework/src/Illuminate/Container/Container.php(690): Illuminate\\Container\\BoundMethod::call()
#10 /home/fabrica0/Escritorio/app_complementariaBack/vendor/laravel/framework/src/Illuminate/Console/Command.php(213): Illuminate\\Container\\Container->call()
#11 /home/fabrica0/Escritorio/app_complementariaBack/vendor/symfony/console/Command/Command.php(279): Illuminate\\Console\\Command->execute()
#12 /home/fabrica0/Escritorio/app_complementariaBack/vendor/laravel/framework/src/Illuminate/Console/Command.php(182): Symfony\\Component\\Console\\Command\\Command->run()
#13 /home/fabrica0/Escritorio/app_complementariaBack/vendor/symfony/console/Application.php(1047): Illuminate\\Console\\Command->run()
#14 /home/fabrica0/Escritorio/app_complementariaBack/vendor/symfony/console/Application.php(316): Symfony\\Component\\Console\\Application->doRunCommand()
#15 /home/fabrica0/Escritorio/app_complementariaBack/vendor/symfony/console/Application.php(167): Symfony\\Component\\Console\\Application->doRun()
#16 /home/fabrica0/Escritorio/app_complementariaBack/vendor/laravel/framework/src/Illuminate/Foundation/Console/Kernel.php(197): Symfony\\Component\\Console\\Application->run()
#17 /home/fabrica0/Escritorio/app_complementariaBack/vendor/laravel/framework/src/Illuminate/Foundation/Application.php(1203): Illuminate\\Foundation\\Console\\Kernel->handle()
#18 /home/fabrica0/Escritorio/app_complementariaBack/artisan(13): Illuminate\\Foundation\\Application->handleCommand()
#19 {main}
"} 
[2024-07-26 22:17:39] production.ERROR: Class "Laravel\Sanctum\Sanctum" not found {"exception":"[object] (Error(code: 0): Class \"Laravel\\Sanctum\\Sanctum\" not found at /home/fabrica0/Escritorio/php/app_complementariaBack/config/sanctum.php:21)
[stacktrace]
#0 /home/fabrica0/Escritorio/php/app_complementariaBack/vendor/laravel/framework/src/Illuminate/Foundation/Bootstrap/LoadConfiguration.php(96): require()
#1 /home/fabrica0/Escritorio/php/app_complementariaBack/vendor/laravel/framework/src/Illuminate/Foundation/Bootstrap/LoadConfiguration.php(77): Illuminate\\Foundation\\Bootstrap\\LoadConfiguration->loadConfigurationFile()
#2 /home/fabrica0/Escritorio/php/app_complementariaBack/vendor/laravel/framework/src/Illuminate/Foundation/Bootstrap/LoadConfiguration.php(38): Illuminate\\Foundation\\Bootstrap\\LoadConfiguration->loadConfigurationFiles()
#3 /home/fabrica0/Escritorio/php/app_complementariaBack/vendor/laravel/framework/src/Illuminate/Foundation/Application.php(316): Illuminate\\Foundation\\Bootstrap\\LoadConfiguration->bootstrap()
#4 /home/fabrica0/Escritorio/php/app_complementariaBack/vendor/laravel/framework/src/Illuminate/Foundation/Console/Kernel.php(473): Illuminate\\Foundation\\Application->bootstrapWith()
#5 /home/fabrica0/Escritorio/php/app_complementariaBack/vendor/laravel/framework/src/Illuminate/Foundation/Console/Kernel.php(195): Illuminate\\Foundation\\Console\\Kernel->bootstrap()
#6 /home/fabrica0/Escritorio/php/app_complementariaBack/vendor/laravel/framework/src/Illuminate/Foundation/Application.php(1203): Illuminate\\Foundation\\Console\\Kernel->handle()
#7 /home/fabrica0/Escritorio/php/app_complementariaBack/artisan(13): Illuminate\\Foundation\\Application->handleCommand()
#8 {main}
"} 
[2024-07-26 22:17:48] production.ERROR: Class "Laravel\Sanctum\Sanctum" not found {"exception":"[object] (Error(code: 0): Class \"Laravel\\Sanctum\\Sanctum\" not found at /home/fabrica0/Escritorio/php/app_complementariaBack/config/sanctum.php:21)
[stacktrace]
#0 /home/fabrica0/Escritorio/php/app_complementariaBack/vendor/laravel/framework/src/Illuminate/Foundation/Bootstrap/LoadConfiguration.php(96): require()
#1 /home/fabrica0/Escritorio/php/app_complementariaBack/vendor/laravel/framework/src/Illuminate/Foundation/Bootstrap/LoadConfiguration.php(77): Illuminate\\Foundation\\Bootstrap\\LoadConfiguration->loadConfigurationFile()
#2 /home/fabrica0/Escritorio/php/app_complementariaBack/vendor/laravel/framework/src/Illuminate/Foundation/Bootstrap/LoadConfiguration.php(38): Illuminate\\Foundation\\Bootstrap\\LoadConfiguration->loadConfigurationFiles()
#3 /home/fabrica0/Escritorio/php/app_complementariaBack/vendor/laravel/framework/src/Illuminate/Foundation/Application.php(316): Illuminate\\Foundation\\Bootstrap\\LoadConfiguration->bootstrap()
#4 /home/fabrica0/Escritorio/php/app_complementariaBack/vendor/laravel/framework/src/Illuminate/Foundation/Console/Kernel.php(473): Illuminate\\Foundation\\Application->bootstrapWith()
#5 /home/fabrica0/Escritorio/php/app_complementariaBack/vendor/laravel/framework/src/Illuminate/Foundation/Console/Kernel.php(195): Illuminate\\Foundation\\Console\\Kernel->bootstrap()
#6 /home/fabrica0/Escritorio/php/app_complementariaBack/vendor/laravel/framework/src/Illuminate/Foundation/Application.php(1203): Illuminate\\Foundation\\Console\\Kernel->handle()
#7 /home/fabrica0/Escritorio/php/app_complementariaBack/artisan(13): Illuminate\\Foundation\\Application->handleCommand()
#8 {main}
"} 
[2024-07-26 22:17:57] production.ERROR: Class "Laravel\Sanctum\Sanctum" not found {"exception":"[object] (Error(code: 0): Class \"Laravel\\Sanctum\\Sanctum\" not found at /home/fabrica0/Escritorio/php/app_complementariaBack/config/sanctum.php:21)
[stacktrace]
#0 /home/fabrica0/Escritorio/php/app_complementariaBack/vendor/laravel/framework/src/Illuminate/Foundation/Bootstrap/LoadConfiguration.php(96): require()
#1 /home/fabrica0/Escritorio/php/app_complementariaBack/vendor/laravel/framework/src/Illuminate/Foundation/Bootstrap/LoadConfiguration.php(77): Illuminate\\Foundation\\Bootstrap\\LoadConfiguration->loadConfigurationFile()
#2 /home/fabrica0/Escritorio/php/app_complementariaBack/vendor/laravel/framework/src/Illuminate/Foundation/Bootstrap/LoadConfiguration.php(38): Illuminate\\Foundation\\Bootstrap\\LoadConfiguration->loadConfigurationFiles()
#3 /home/fabrica0/Escritorio/php/app_complementariaBack/vendor/laravel/framework/src/Illuminate/Foundation/Application.php(316): Illuminate\\Foundation\\Bootstrap\\LoadConfiguration->bootstrap()
#4 /home/fabrica0/Escritorio/php/app_complementariaBack/vendor/laravel/framework/src/Illuminate/Foundation/Console/Kernel.php(473): Illuminate\\Foundation\\Application->bootstrapWith()
#5 /home/fabrica0/Escritorio/php/app_complementariaBack/vendor/laravel/framework/src/Illuminate/Foundation/Console/Kernel.php(195): Illuminate\\Foundation\\Console\\Kernel->bootstrap()
#6 /home/fabrica0/Escritorio/php/app_complementariaBack/vendor/laravel/framework/src/Illuminate/Foundation/Application.php(1203): Illuminate\\Foundation\\Console\\Kernel->handle()
#7 /home/fabrica0/Escritorio/php/app_complementariaBack/artisan(13): Illuminate\\Foundation\\Application->handleCommand()
#8 {main}
"} 
[2024-07-26 22:18:40] production.ERROR: Class "Laravel\Sanctum\Sanctum" not found {"exception":"[object] (Error(code: 0): Class \"Laravel\\Sanctum\\Sanctum\" not found at /home/fabrica0/Escritorio/php/app_complementariaBack/config/sanctum.php:21)
[stacktrace]
#0 /home/fabrica0/Escritorio/php/app_complementariaBack/vendor/laravel/framework/src/Illuminate/Foundation/Bootstrap/LoadConfiguration.php(96): require()
#1 /home/fabrica0/Escritorio/php/app_complementariaBack/vendor/laravel/framework/src/Illuminate/Foundation/Bootstrap/LoadConfiguration.php(77): Illuminate\\Foundation\\Bootstrap\\LoadConfiguration->loadConfigurationFile()
#2 /home/fabrica0/Escritorio/php/app_complementariaBack/vendor/laravel/framework/src/Illuminate/Foundation/Bootstrap/LoadConfiguration.php(38): Illuminate\\Foundation\\Bootstrap\\LoadConfiguration->loadConfigurationFiles()
#3 /home/fabrica0/Escritorio/php/app_complementariaBack/vendor/laravel/framework/src/Illuminate/Foundation/Application.php(316): Illuminate\\Foundation\\Bootstrap\\LoadConfiguration->bootstrap()
#4 /home/fabrica0/Escritorio/php/app_complementariaBack/vendor/laravel/framework/src/Illuminate/Foundation/Console/Kernel.php(473): Illuminate\\Foundation\\Application->bootstrapWith()
#5 /home/fabrica0/Escritorio/php/app_complementariaBack/vendor/laravel/framework/src/Illuminate/Foundation/Console/Kernel.php(195): Illuminate\\Foundation\\Console\\Kernel->bootstrap()
#6 /home/fabrica0/Escritorio/php/app_complementariaBack/vendor/laravel/framework/src/Illuminate/Foundation/Application.php(1203): Illuminate\\Foundation\\Console\\Kernel->handle()
#7 /home/fabrica0/Escritorio/php/app_complementariaBack/artisan(13): Illuminate\\Foundation\\Application->handleCommand()
#8 {main}
"} 
[2024-07-26 22:19:47] local.ERROR: SQLSTATE[42P07]: Duplicate table: 7 ERROR:  relation "users" already exists (Connection: pgsql, SQL: create table "users" ("id" bigserial not null primary key, "name" varchar(255) not null, "email" varchar(255) not null, "email_verified_at" timestamp(0) without time zone null, "password" varchar(255) not null, "remember_token" varchar(100) null, "created_at" timestamp(0) without time zone null, "updated_at" timestamp(0) without time zone null)) {"exception":"[object] (Illuminate\\Database\\QueryException(code: 42P07): SQLSTATE[42P07]: Duplicate table: 7 ERROR:  relation \"users\" already exists (Connection: pgsql, SQL: create table \"users\" (\"id\" bigserial not null primary key, \"name\" varchar(255) not null, \"email\" varchar(255) not null, \"email_verified_at\" timestamp(0) without time zone null, \"password\" varchar(255) not null, \"remember_token\" varchar(100) null, \"created_at\" timestamp(0) without time zone null, \"updated_at\" timestamp(0) without time zone null)) at /home/fabrica0/Escritorio/php/app_complementariaBack/vendor/laravel/framework/src/Illuminate/Database/Connection.php:813)
[stacktrace]
#0 /home/fabrica0/Escritorio/php/app_complementariaBack/vendor/laravel/framework/src/Illuminate/Database/Connection.php(767): Illuminate\\Database\\Connection->runQueryCallback()
#1 /home/fabrica0/Escritorio/php/app_complementariaBack/vendor/laravel/framework/src/Illuminate/Database/Connection.php(560): Illuminate\\Database\\Connection->run()
#2 /home/fabrica0/Escritorio/php/app_complementariaBack/vendor/laravel/framework/src/Illuminate/Database/Schema/Blueprint.php(117): Illuminate\\Database\\Connection->statement()
#3 /home/fabrica0/Escritorio/php/app_complementariaBack/vendor/laravel/framework/src/Illuminate/Database/Schema/Builder.php(564): Illuminate\\Database\\Schema\\Blueprint->build()
#4 /home/fabrica0/Escritorio/php/app_complementariaBack/vendor/laravel/framework/src/Illuminate/Database/Schema/Builder.php(418): Illuminate\\Database\\Schema\\Builder->build()
#5 /home/fabrica0/Escritorio/php/app_complementariaBack/vendor/laravel/framework/src/Illuminate/Support/Facades/Facade.php(357): Illuminate\\Database\\Schema\\Builder->create()
#6 /home/fabrica0/Escritorio/php/app_complementariaBack/database/migrations/2014_10_12_000000_create_users_table.php(14): Illuminate\\Support\\Facades\\Facade::__callStatic()
#7 /home/fabrica0/Escritorio/php/app_complementariaBack/vendor/laravel/framework/src/Illuminate/Database/Migrations/Migrator.php(475): Illuminate\\Database\\Migrations\\Migration@anonymous->up()
#8 /home/fabrica0/Escritorio/php/app_complementariaBack/vendor/laravel/framework/src/Illuminate/Database/Migrations/Migrator.php(400): Illuminate\\Database\\Migrations\\Migrator->runMethod()
#9 /home/fabrica0/Escritorio/php/app_complementariaBack/vendor/laravel/framework/src/Illuminate/Database/Concerns/ManagesTransactions.php(30): Illuminate\\Database\\Migrations\\Migrator->Illuminate\\Database\\Migrations\\{closure}()
#10 /home/fabrica0/Escritorio/php/app_complementariaBack/vendor/laravel/framework/src/Illuminate/Database/Migrations/Migrator.php(408): Illuminate\\Database\\Connection->transaction()
#11 /home/fabrica0/Escritorio/php/app_complementariaBack/vendor/laravel/framework/src/Illuminate/Database/Migrations/Migrator.php(212): Illuminate\\Database\\Migrations\\Migrator->runMigration()
#12 /home/fabrica0/Escritorio/php/app_complementariaBack/vendor/laravel/framework/src/Illuminate/Console/View/Components/Task.php(40): Illuminate\\Database\\Migrations\\Migrator->Illuminate\\Database\\Migrations\\{closure}()
#13 /home/fabrica0/Escritorio/php/app_complementariaBack/vendor/laravel/framework/src/Illuminate/Database/Migrations/Migrator.php(736): Illuminate\\Console\\View\\Components\\Task->render()
#14 /home/fabrica0/Escritorio/php/app_complementariaBack/vendor/laravel/framework/src/Illuminate/Database/Migrations/Migrator.php(212): Illuminate\\Database\\Migrations\\Migrator->write()
#15 /home/fabrica0/Escritorio/php/app_complementariaBack/vendor/laravel/framework/src/Illuminate/Database/Migrations/Migrator.php(179): Illuminate\\Database\\Migrations\\Migrator->runUp()
#16 /home/fabrica0/Escritorio/php/app_complementariaBack/vendor/laravel/framework/src/Illuminate/Database/Migrations/Migrator.php(122): Illuminate\\Database\\Migrations\\Migrator->runPending()
#17 /home/fabrica0/Escritorio/php/app_complementariaBack/vendor/laravel/framework/src/Illuminate/Database/Console/Migrations/MigrateCommand.php(116): Illuminate\\Database\\Migrations\\Migrator->run()
#18 /home/fabrica0/Escritorio/php/app_complementariaBack/vendor/laravel/framework/src/Illuminate/Database/Migrations/Migrator.php(615): Illuminate\\Database\\Console\\Migrations\\MigrateCommand->Illuminate\\Database\\Console\\Migrations\\{closure}()
#19 /home/fabrica0/Escritorio/php/app_complementariaBack/vendor/laravel/framework/src/Illuminate/Database/Console/Migrations/MigrateCommand.php(109): Illuminate\\Database\\Migrations\\Migrator->usingConnection()
#20 /home/fabrica0/Escritorio/php/app_complementariaBack/vendor/laravel/framework/src/Illuminate/Database/Console/Migrations/MigrateCommand.php(88): Illuminate\\Database\\Console\\Migrations\\MigrateCommand->runMigrations()
#21 /home/fabrica0/Escritorio/php/app_complementariaBack/vendor/laravel/framework/src/Illuminate/Container/BoundMethod.php(36): Illuminate\\Database\\Console\\Migrations\\MigrateCommand->handle()
#22 /home/fabrica0/Escritorio/php/app_complementariaBack/vendor/laravel/framework/src/Illuminate/Container/Util.php(41): Illuminate\\Container\\BoundMethod::Illuminate\\Container\\{closure}()
#23 /home/fabrica0/Escritorio/php/app_complementariaBack/vendor/laravel/framework/src/Illuminate/Container/BoundMethod.php(93): Illuminate\\Container\\Util::unwrapIfClosure()
#24 /home/fabrica0/Escritorio/php/app_complementariaBack/vendor/laravel/framework/src/Illuminate/Container/BoundMethod.php(35): Illuminate\\Container\\BoundMethod::callBoundMethod()
#25 /home/fabrica0/Escritorio/php/app_complementariaBack/vendor/laravel/framework/src/Illuminate/Container/Container.php(690): Illuminate\\Container\\BoundMethod::call()
#26 /home/fabrica0/Escritorio/php/app_complementariaBack/vendor/laravel/framework/src/Illuminate/Console/Command.php(213): Illuminate\\Container\\Container->call()
#27 /home/fabrica0/Escritorio/php/app_complementariaBack/vendor/symfony/console/Command/Command.php(279): Illuminate\\Console\\Command->execute()
#28 /home/fabrica0/Escritorio/php/app_complementariaBack/vendor/laravel/framework/src/Illuminate/Console/Command.php(182): Symfony\\Component\\Console\\Command\\Command->run()
#29 /home/fabrica0/Escritorio/php/app_complementariaBack/vendor/symfony/console/Application.php(1047): Illuminate\\Console\\Command->run()
#30 /home/fabrica0/Escritorio/php/app_complementariaBack/vendor/symfony/console/Application.php(316): Symfony\\Component\\Console\\Application->doRunCommand()
#31 /home/fabrica0/Escritorio/php/app_complementariaBack/vendor/symfony/console/Application.php(167): Symfony\\Component\\Console\\Application->doRun()
#32 /home/fabrica0/Escritorio/php/app_complementariaBack/vendor/laravel/framework/src/Illuminate/Foundation/Console/Kernel.php(197): Symfony\\Component\\Console\\Application->run()
#33 /home/fabrica0/Escritorio/php/app_complementariaBack/vendor/laravel/framework/src/Illuminate/Foundation/Application.php(1203): Illuminate\\Foundation\\Console\\Kernel->handle()
#34 /home/fabrica0/Escritorio/php/app_complementariaBack/artisan(13): Illuminate\\Foundation\\Application->handleCommand()
#35 {main}

[previous exception] [object] (PDOException(code: 42P07): SQLSTATE[42P07]: Duplicate table: 7 ERROR:  relation \"users\" already exists at /home/fabrica0/Escritorio/php/app_complementariaBack/vendor/laravel/framework/src/Illuminate/Database/Connection.php:571)
[stacktrace]
#0 /home/fabrica0/Escritorio/php/app_complementariaBack/vendor/laravel/framework/src/Illuminate/Database/Connection.php(571): PDOStatement->execute()
#1 /home/fabrica0/Escritorio/php/app_complementariaBack/vendor/laravel/framework/src/Illuminate/Database/Connection.php(800): Illuminate\\Database\\Connection->Illuminate\\Database\\{closure}()
#2 /home/fabrica0/Escritorio/php/app_complementariaBack/vendor/laravel/framework/src/Illuminate/Database/Connection.php(767): Illuminate\\Database\\Connection->runQueryCallback()
#3 /home/fabrica0/Escritorio/php/app_complementariaBack/vendor/laravel/framework/src/Illuminate/Database/Connection.php(560): Illuminate\\Database\\Connection->run()
#4 /home/fabrica0/Escritorio/php/app_complementariaBack/vendor/laravel/framework/src/Illuminate/Database/Schema/Blueprint.php(117): Illuminate\\Database\\Connection->statement()
#5 /home/fabrica0/Escritorio/php/app_complementariaBack/vendor/laravel/framework/src/Illuminate/Database/Schema/Builder.php(564): Illuminate\\Database\\Schema\\Blueprint->build()
#6 /home/fabrica0/Escritorio/php/app_complementariaBack/vendor/laravel/framework/src/Illuminate/Database/Schema/Builder.php(418): Illuminate\\Database\\Schema\\Builder->build()
#7 /home/fabrica0/Escritorio/php/app_complementariaBack/vendor/laravel/framework/src/Illuminate/Support/Facades/Facade.php(357): Illuminate\\Database\\Schema\\Builder->create()
#8 /home/fabrica0/Escritorio/php/app_complementariaBack/database/migrations/2014_10_12_000000_create_users_table.php(14): Illuminate\\Support\\Facades\\Facade::__callStatic()
#9 /home/fabrica0/Escritorio/php/app_complementariaBack/vendor/laravel/framework/src/Illuminate/Database/Migrations/Migrator.php(475): Illuminate\\Database\\Migrations\\Migration@anonymous->up()
#10 /home/fabrica0/Escritorio/php/app_complementariaBack/vendor/laravel/framework/src/Illuminate/Database/Migrations/Migrator.php(400): Illuminate\\Database\\Migrations\\Migrator->runMethod()
#11 /home/fabrica0/Escritorio/php/app_complementariaBack/vendor/laravel/framework/src/Illuminate/Database/Concerns/ManagesTransactions.php(30): Illuminate\\Database\\Migrations\\Migrator->Illuminate\\Database\\Migrations\\{closure}()
#12 /home/fabrica0/Escritorio/php/app_complementariaBack/vendor/laravel/framework/src/Illuminate/Database/Migrations/Migrator.php(408): Illuminate\\Database\\Connection->transaction()
#13 /home/fabrica0/Escritorio/php/app_complementariaBack/vendor/laravel/framework/src/Illuminate/Database/Migrations/Migrator.php(212): Illuminate\\Database\\Migrations\\Migrator->runMigration()
#14 /home/fabrica0/Escritorio/php/app_complementariaBack/vendor/laravel/framework/src/Illuminate/Console/View/Components/Task.php(40): Illuminate\\Database\\Migrations\\Migrator->Illuminate\\Database\\Migrations\\{closure}()
#15 /home/fabrica0/Escritorio/php/app_complementariaBack/vendor/laravel/framework/src/Illuminate/Database/Migrations/Migrator.php(736): Illuminate\\Console\\View\\Components\\Task->render()
#16 /home/fabrica0/Escritorio/php/app_complementariaBack/vendor/laravel/framework/src/Illuminate/Database/Migrations/Migrator.php(212): Illuminate\\Database\\Migrations\\Migrator->write()
#17 /home/fabrica0/Escritorio/php/app_complementariaBack/vendor/laravel/framework/src/Illuminate/Database/Migrations/Migrator.php(179): Illuminate\\Database\\Migrations\\Migrator->runUp()
#18 /home/fabrica0/Escritorio/php/app_complementariaBack/vendor/laravel/framework/src/Illuminate/Database/Migrations/Migrator.php(122): Illuminate\\Database\\Migrations\\Migrator->runPending()
#19 /home/fabrica0/Escritorio/php/app_complementariaBack/vendor/laravel/framework/src/Illuminate/Database/Console/Migrations/MigrateCommand.php(116): Illuminate\\Database\\Migrations\\Migrator->run()
#20 /home/fabrica0/Escritorio/php/app_complementariaBack/vendor/laravel/framework/src/Illuminate/Database/Migrations/Migrator.php(615): Illuminate\\Database\\Console\\Migrations\\MigrateCommand->Illuminate\\Database\\Console\\Migrations\\{closure}()
#21 /home/fabrica0/Escritorio/php/app_complementariaBack/vendor/laravel/framework/src/Illuminate/Database/Console/Migrations/MigrateCommand.php(109): Illuminate\\Database\\Migrations\\Migrator->usingConnection()
#22 /home/fabrica0/Escritorio/php/app_complementariaBack/vendor/laravel/framework/src/Illuminate/Database/Console/Migrations/MigrateCommand.php(88): Illuminate\\Database\\Console\\Migrations\\MigrateCommand->runMigrations()
#23 /home/fabrica0/Escritorio/php/app_complementariaBack/vendor/laravel/framework/src/Illuminate/Container/BoundMethod.php(36): Illuminate\\Database\\Console\\Migrations\\MigrateCommand->handle()
#24 /home/fabrica0/Escritorio/php/app_complementariaBack/vendor/laravel/framework/src/Illuminate/Container/Util.php(41): Illuminate\\Container\\BoundMethod::Illuminate\\Container\\{closure}()
#25 /home/fabrica0/Escritorio/php/app_complementariaBack/vendor/laravel/framework/src/Illuminate/Container/BoundMethod.php(93): Illuminate\\Container\\Util::unwrapIfClosure()
#26 /home/fabrica0/Escritorio/php/app_complementariaBack/vendor/laravel/framework/src/Illuminate/Container/BoundMethod.php(35): Illuminate\\Container\\BoundMethod::callBoundMethod()
#27 /home/fabrica0/Escritorio/php/app_complementariaBack/vendor/laravel/framework/src/Illuminate/Container/Container.php(690): Illuminate\\Container\\BoundMethod::call()
#28 /home/fabrica0/Escritorio/php/app_complementariaBack/vendor/laravel/framework/src/Illuminate/Console/Command.php(213): Illuminate\\Container\\Container->call()
#29 /home/fabrica0/Escritorio/php/app_complementariaBack/vendor/symfony/console/Command/Command.php(279): Illuminate\\Console\\Command->execute()
#30 /home/fabrica0/Escritorio/php/app_complementariaBack/vendor/laravel/framework/src/Illuminate/Console/Command.php(182): Symfony\\Component\\Console\\Command\\Command->run()
#31 /home/fabrica0/Escritorio/php/app_complementariaBack/vendor/symfony/console/Application.php(1047): Illuminate\\Console\\Command->run()
#32 /home/fabrica0/Escritorio/php/app_complementariaBack/vendor/symfony/console/Application.php(316): Symfony\\Component\\Console\\Application->doRunCommand()
#33 /home/fabrica0/Escritorio/php/app_complementariaBack/vendor/symfony/console/Application.php(167): Symfony\\Component\\Console\\Application->doRun()
#34 /home/fabrica0/Escritorio/php/app_complementariaBack/vendor/laravel/framework/src/Illuminate/Foundation/Console/Kernel.php(197): Symfony\\Component\\Console\\Application->run()
#35 /home/fabrica0/Escritorio/php/app_complementariaBack/vendor/laravel/framework/src/Illuminate/Foundation/Application.php(1203): Illuminate\\Foundation\\Console\\Kernel->handle()
#36 /home/fabrica0/Escritorio/php/app_complementariaBack/artisan(13): Illuminate\\Foundation\\Application->handleCommand()
#37 {main}
"} 
[2024-07-26 22:20:20] local.ERROR: file_put_contents(/home/fabrica0/Escritorio/php/app_complementariaBack/storage/framework/sessions/9k524FICt1scn40ZteIBGDQcAofqYGoLIqOhLLOl): Failed to open stream: No such file or directory {"exception":"[object] (ErrorException(code: 0): file_put_contents(/home/fabrica0/Escritorio/php/app_complementariaBack/storage/framework/sessions/9k524FICt1scn40ZteIBGDQcAofqYGoLIqOhLLOl): Failed to open stream: No such file or directory at /home/fabrica0/Escritorio/php/app_complementariaBack/vendor/laravel/framework/src/Illuminate/Filesystem/Filesystem.php:204)
[stacktrace]
#0 /home/fabrica0/Escritorio/php/app_complementariaBack/vendor/laravel/framework/src/Illuminate/Foundation/Bootstrap/HandleExceptions.php(256): Illuminate\\Foundation\\Bootstrap\\HandleExceptions->handleError()
#1 [internal function]: Illuminate\\Foundation\\Bootstrap\\HandleExceptions->Illuminate\\Foundation\\Bootstrap\\{closure}()
#2 /home/fabrica0/Escritorio/php/app_complementariaBack/vendor/laravel/framework/src/Illuminate/Filesystem/Filesystem.php(204): file_put_contents()
#3 /home/fabrica0/Escritorio/php/app_complementariaBack/vendor/laravel/framework/src/Illuminate/Session/FileSessionHandler.php(90): Illuminate\\Filesystem\\Filesystem->put()
#4 /home/fabrica0/Escritorio/php/app_complementariaBack/vendor/laravel/framework/src/Illuminate/Session/Store.php(172): Illuminate\\Session\\FileSessionHandler->write()
#5 /home/fabrica0/Escritorio/php/app_complementariaBack/vendor/laravel/framework/src/Illuminate/Session/Middleware/StartSession.php(245): Illuminate\\Session\\Store->save()
#6 /home/fabrica0/Escritorio/php/app_complementariaBack/vendor/laravel/framework/src/Illuminate/Session/Middleware/StartSession.php(130): Illuminate\\Session\\Middleware\\StartSession->saveSession()
#7 /home/fabrica0/Escritorio/php/app_complementariaBack/vendor/laravel/framework/src/Illuminate/Session/Middleware/StartSession.php(64): Illuminate\\Session\\Middleware\\StartSession->handleStatefulRequest()
#8 /home/fabrica0/Escritorio/php/app_complementariaBack/vendor/laravel/framework/src/Illuminate/Pipeline/Pipeline.php(183): Illuminate\\Session\\Middleware\\StartSession->handle()
#9 /home/fabrica0/Escritorio/php/app_complementariaBack/vendor/laravel/framework/src/Illuminate/Cookie/Middleware/AddQueuedCookiesToResponse.php(37): Illuminate\\Pipeline\\Pipeline->Illuminate\\Pipeline\\{closure}()
#10 /home/fabrica0/Escritorio/php/app_complementariaBack/vendor/laravel/framework/src/Illuminate/Pipeline/Pipeline.php(183): Illuminate\\Cookie\\Middleware\\AddQueuedCookiesToResponse->handle()
#11 /home/fabrica0/Escritorio/php/app_complementariaBack/vendor/laravel/framework/src/Illuminate/Cookie/Middleware/EncryptCookies.php(75): Illuminate\\Pipeline\\Pipeline->Illuminate\\Pipeline\\{closure}()
#12 /home/fabrica0/Escritorio/php/app_complementariaBack/vendor/laravel/framework/src/Illuminate/Pipeline/Pipeline.php(183): Illuminate\\Cookie\\Middleware\\EncryptCookies->handle()
#13 /home/fabrica0/Escritorio/php/app_complementariaBack/vendor/laravel/framework/src/Illuminate/Pipeline/Pipeline.php(119): Illuminate\\Pipeline\\Pipeline->Illuminate\\Pipeline\\{closure}()
#14 /home/fabrica0/Escritorio/php/app_complementariaBack/vendor/laravel/framework/src/Illuminate/Routing/Router.php(807): Illuminate\\Pipeline\\Pipeline->then()
#15 /home/fabrica0/Escritorio/php/app_complementariaBack/vendor/laravel/framework/src/Illuminate/Routing/Router.php(786): Illuminate\\Routing\\Router->runRouteWithinStack()
#16 /home/fabrica0/Escritorio/php/app_complementariaBack/vendor/laravel/framework/src/Illuminate/Routing/Router.php(750): Illuminate\\Routing\\Router->runRoute()
#17 /home/fabrica0/Escritorio/php/app_complementariaBack/vendor/laravel/framework/src/Illuminate/Routing/Router.php(739): Illuminate\\Routing\\Router->dispatchToRoute()
#18 /home/fabrica0/Escritorio/php/app_complementariaBack/vendor/laravel/framework/src/Illuminate/Foundation/Http/Kernel.php(201): Illuminate\\Routing\\Router->dispatch()
#19 /home/fabrica0/Escritorio/php/app_complementariaBack/vendor/laravel/framework/src/Illuminate/Pipeline/Pipeline.php(144): Illuminate\\Foundation\\Http\\Kernel->Illuminate\\Foundation\\Http\\{closure}()
#20 /home/fabrica0/Escritorio/php/app_complementariaBack/vendor/laravel/framework/src/Illuminate/Foundation/Http/Middleware/TransformsRequest.php(21): Illuminate\\Pipeline\\Pipeline->Illuminate\\Pipeline\\{closure}()
#21 /home/fabrica0/Escritorio/php/app_complementariaBack/vendor/laravel/framework/src/Illuminate/Foundation/Http/Middleware/ConvertEmptyStringsToNull.php(31): Illuminate\\Foundation\\Http\\Middleware\\TransformsRequest->handle()
#22 /home/fabrica0/Escritorio/php/app_complementariaBack/vendor/laravel/framework/src/Illuminate/Pipeline/Pipeline.php(183): Illuminate\\Foundation\\Http\\Middleware\\ConvertEmptyStringsToNull->handle()
#23 /home/fabrica0/Escritorio/php/app_complementariaBack/vendor/laravel/framework/src/Illuminate/Foundation/Http/Middleware/TransformsRequest.php(21): Illuminate\\Pipeline\\Pipeline->Illuminate\\Pipeline\\{closure}()
#24 /home/fabrica0/Escritorio/php/app_complementariaBack/vendor/laravel/framework/src/Illuminate/Foundation/Http/Middleware/TrimStrings.php(51): Illuminate\\Foundation\\Http\\Middleware\\TransformsRequest->handle()
#25 /home/fabrica0/Escritorio/php/app_complementariaBack/vendor/laravel/framework/src/Illuminate/Pipeline/Pipeline.php(183): Illuminate\\Foundation\\Http\\Middleware\\TrimStrings->handle()
#26 /home/fabrica0/Escritorio/php/app_complementariaBack/vendor/laravel/framework/src/Illuminate/Http/Middleware/ValidatePostSize.php(27): Illuminate\\Pipeline\\Pipeline->Illuminate\\Pipeline\\{closure}()
#27 /home/fabrica0/Escritorio/php/app_complementariaBack/vendor/laravel/framework/src/Illuminate/Pipeline/Pipeline.php(183): Illuminate\\Http\\Middleware\\ValidatePostSize->handle()
#28 /home/fabrica0/Escritorio/php/app_complementariaBack/vendor/laravel/framework/src/Illuminate/Foundation/Http/Middleware/PreventRequestsDuringMaintenance.php(110): Illuminate\\Pipeline\\Pipeline->Illuminate\\Pipeline\\{closure}()
#29 /home/fabrica0/Escritorio/php/app_complementariaBack/vendor/laravel/framework/src/Illuminate/Pipeline/Pipeline.php(183): Illuminate\\Foundation\\Http\\Middleware\\PreventRequestsDuringMaintenance->handle()
#30 /home/fabrica0/Escritorio/php/app_complementariaBack/vendor/laravel/framework/src/Illuminate/Http/Middleware/HandleCors.php(49): Illuminate\\Pipeline\\Pipeline->Illuminate\\Pipeline\\{closure}()
#31 /home/fabrica0/Escritorio/php/app_complementariaBack/vendor/laravel/framework/src/Illuminate/Pipeline/Pipeline.php(183): Illuminate\\Http\\Middleware\\HandleCors->handle()
#32 /home/fabrica0/Escritorio/php/app_complementariaBack/vendor/laravel/framework/src/Illuminate/Http/Middleware/TrustProxies.php(57): Illuminate\\Pipeline\\Pipeline->Illuminate\\Pipeline\\{closure}()
#33 /home/fabrica0/Escritorio/php/app_complementariaBack/vendor/laravel/framework/src/Illuminate/Pipeline/Pipeline.php(183): Illuminate\\Http\\Middleware\\TrustProxies->handle()
#34 /home/fabrica0/Escritorio/php/app_complementariaBack/vendor/laravel/framework/src/Illuminate/Pipeline/Pipeline.php(119): Illuminate\\Pipeline\\Pipeline->Illuminate\\Pipeline\\{closure}()
#35 /home/fabrica0/Escritorio/php/app_complementariaBack/vendor/laravel/framework/src/Illuminate/Foundation/Http/Kernel.php(176): Illuminate\\Pipeline\\Pipeline->then()
#36 /home/fabrica0/Escritorio/php/app_complementariaBack/vendor/laravel/framework/src/Illuminate/Foundation/Http/Kernel.php(145): Illuminate\\Foundation\\Http\\Kernel->sendRequestThroughRouter()
#37 /home/fabrica0/Escritorio/php/app_complementariaBack/vendor/laravel/framework/src/Illuminate/Foundation/Application.php(1188): Illuminate\\Foundation\\Http\\Kernel->handle()
#38 /home/fabrica0/Escritorio/php/app_complementariaBack/public/index.php(17): Illuminate\\Foundation\\Application->handleRequest()
#39 /home/fabrica0/Escritorio/php/app_complementariaBack/vendor/laravel/framework/src/Illuminate/Foundation/resources/server.php(23): require_once('...')
#40 {main}
"} 
[2024-07-26 22:21:15] local.ERROR: file_put_contents(/home/fabrica0/Escritorio/php/app_complementariaBack/storage/framework/sessions/xhGBrQnhjh80EoC7PEncpTF0gIqikYcw8AIyyt9s): Failed to open stream: No such file or directory {"exception":"[object] (ErrorException(code: 0): file_put_contents(/home/fabrica0/Escritorio/php/app_complementariaBack/storage/framework/sessions/xhGBrQnhjh80EoC7PEncpTF0gIqikYcw8AIyyt9s): Failed to open stream: No such file or directory at /home/fabrica0/Escritorio/php/app_complementariaBack/vendor/laravel/framework/src/Illuminate/Filesystem/Filesystem.php:204)
[stacktrace]
#0 /home/fabrica0/Escritorio/php/app_complementariaBack/vendor/laravel/framework/src/Illuminate/Foundation/Bootstrap/HandleExceptions.php(256): Illuminate\\Foundation\\Bootstrap\\HandleExceptions->handleError()
#1 [internal function]: Illuminate\\Foundation\\Bootstrap\\HandleExceptions->Illuminate\\Foundation\\Bootstrap\\{closure}()
#2 /home/fabrica0/Escritorio/php/app_complementariaBack/vendor/laravel/framework/src/Illuminate/Filesystem/Filesystem.php(204): file_put_contents()
#3 /home/fabrica0/Escritorio/php/app_complementariaBack/vendor/laravel/framework/src/Illuminate/Session/FileSessionHandler.php(90): Illuminate\\Filesystem\\Filesystem->put()
#4 /home/fabrica0/Escritorio/php/app_complementariaBack/vendor/laravel/framework/src/Illuminate/Session/Store.php(172): Illuminate\\Session\\FileSessionHandler->write()
#5 /home/fabrica0/Escritorio/php/app_complementariaBack/vendor/laravel/framework/src/Illuminate/Session/Middleware/StartSession.php(245): Illuminate\\Session\\Store->save()
#6 /home/fabrica0/Escritorio/php/app_complementariaBack/vendor/laravel/framework/src/Illuminate/Session/Middleware/StartSession.php(130): Illuminate\\Session\\Middleware\\StartSession->saveSession()
#7 /home/fabrica0/Escritorio/php/app_complementariaBack/vendor/laravel/framework/src/Illuminate/Session/Middleware/StartSession.php(64): Illuminate\\Session\\Middleware\\StartSession->handleStatefulRequest()
#8 /home/fabrica0/Escritorio/php/app_complementariaBack/vendor/laravel/framework/src/Illuminate/Pipeline/Pipeline.php(183): Illuminate\\Session\\Middleware\\StartSession->handle()
#9 /home/fabrica0/Escritorio/php/app_complementariaBack/vendor/laravel/framework/src/Illuminate/Cookie/Middleware/AddQueuedCookiesToResponse.php(37): Illuminate\\Pipeline\\Pipeline->Illuminate\\Pipeline\\{closure}()
#10 /home/fabrica0/Escritorio/php/app_complementariaBack/vendor/laravel/framework/src/Illuminate/Pipeline/Pipeline.php(183): Illuminate\\Cookie\\Middleware\\AddQueuedCookiesToResponse->handle()
#11 /home/fabrica0/Escritorio/php/app_complementariaBack/vendor/laravel/framework/src/Illuminate/Cookie/Middleware/EncryptCookies.php(75): Illuminate\\Pipeline\\Pipeline->Illuminate\\Pipeline\\{closure}()
#12 /home/fabrica0/Escritorio/php/app_complementariaBack/vendor/laravel/framework/src/Illuminate/Pipeline/Pipeline.php(183): Illuminate\\Cookie\\Middleware\\EncryptCookies->handle()
#13 /home/fabrica0/Escritorio/php/app_complementariaBack/vendor/laravel/framework/src/Illuminate/Pipeline/Pipeline.php(119): Illuminate\\Pipeline\\Pipeline->Illuminate\\Pipeline\\{closure}()
#14 /home/fabrica0/Escritorio/php/app_complementariaBack/vendor/laravel/framework/src/Illuminate/Routing/Router.php(807): Illuminate\\Pipeline\\Pipeline->then()
#15 /home/fabrica0/Escritorio/php/app_complementariaBack/vendor/laravel/framework/src/Illuminate/Routing/Router.php(786): Illuminate\\Routing\\Router->runRouteWithinStack()
#16 /home/fabrica0/Escritorio/php/app_complementariaBack/vendor/laravel/framework/src/Illuminate/Routing/Router.php(750): Illuminate\\Routing\\Router->runRoute()
#17 /home/fabrica0/Escritorio/php/app_complementariaBack/vendor/laravel/framework/src/Illuminate/Routing/Router.php(739): Illuminate\\Routing\\Router->dispatchToRoute()
#18 /home/fabrica0/Escritorio/php/app_complementariaBack/vendor/laravel/framework/src/Illuminate/Foundation/Http/Kernel.php(201): Illuminate\\Routing\\Router->dispatch()
#19 /home/fabrica0/Escritorio/php/app_complementariaBack/vendor/laravel/framework/src/Illuminate/Pipeline/Pipeline.php(144): Illuminate\\Foundation\\Http\\Kernel->Illuminate\\Foundation\\Http\\{closure}()
#20 /home/fabrica0/Escritorio/php/app_complementariaBack/vendor/laravel/framework/src/Illuminate/Foundation/Http/Middleware/TransformsRequest.php(21): Illuminate\\Pipeline\\Pipeline->Illuminate\\Pipeline\\{closure}()
#21 /home/fabrica0/Escritorio/php/app_complementariaBack/vendor/laravel/framework/src/Illuminate/Foundation/Http/Middleware/ConvertEmptyStringsToNull.php(31): Illuminate\\Foundation\\Http\\Middleware\\TransformsRequest->handle()
#22 /home/fabrica0/Escritorio/php/app_complementariaBack/vendor/laravel/framework/src/Illuminate/Pipeline/Pipeline.php(183): Illuminate\\Foundation\\Http\\Middleware\\ConvertEmptyStringsToNull->handle()
#23 /home/fabrica0/Escritorio/php/app_complementariaBack/vendor/laravel/framework/src/Illuminate/Foundation/Http/Middleware/TransformsRequest.php(21): Illuminate\\Pipeline\\Pipeline->Illuminate\\Pipeline\\{closure}()
#24 /home/fabrica0/Escritorio/php/app_complementariaBack/vendor/laravel/framework/src/Illuminate/Foundation/Http/Middleware/TrimStrings.php(51): Illuminate\\Foundation\\Http\\Middleware\\TransformsRequest->handle()
#25 /home/fabrica0/Escritorio/php/app_complementariaBack/vendor/laravel/framework/src/Illuminate/Pipeline/Pipeline.php(183): Illuminate\\Foundation\\Http\\Middleware\\TrimStrings->handle()
#26 /home/fabrica0/Escritorio/php/app_complementariaBack/vendor/laravel/framework/src/Illuminate/Http/Middleware/ValidatePostSize.php(27): Illuminate\\Pipeline\\Pipeline->Illuminate\\Pipeline\\{closure}()
#27 /home/fabrica0/Escritorio/php/app_complementariaBack/vendor/laravel/framework/src/Illuminate/Pipeline/Pipeline.php(183): Illuminate\\Http\\Middleware\\ValidatePostSize->handle()
#28 /home/fabrica0/Escritorio/php/app_complementariaBack/vendor/laravel/framework/src/Illuminate/Foundation/Http/Middleware/PreventRequestsDuringMaintenance.php(110): Illuminate\\Pipeline\\Pipeline->Illuminate\\Pipeline\\{closure}()
#29 /home/fabrica0/Escritorio/php/app_complementariaBack/vendor/laravel/framework/src/Illuminate/Pipeline/Pipeline.php(183): Illuminate\\Foundation\\Http\\Middleware\\PreventRequestsDuringMaintenance->handle()
#30 /home/fabrica0/Escritorio/php/app_complementariaBack/vendor/laravel/framework/src/Illuminate/Http/Middleware/HandleCors.php(49): Illuminate\\Pipeline\\Pipeline->Illuminate\\Pipeline\\{closure}()
#31 /home/fabrica0/Escritorio/php/app_complementariaBack/vendor/laravel/framework/src/Illuminate/Pipeline/Pipeline.php(183): Illuminate\\Http\\Middleware\\HandleCors->handle()
#32 /home/fabrica0/Escritorio/php/app_complementariaBack/vendor/laravel/framework/src/Illuminate/Http/Middleware/TrustProxies.php(57): Illuminate\\Pipeline\\Pipeline->Illuminate\\Pipeline\\{closure}()
#33 /home/fabrica0/Escritorio/php/app_complementariaBack/vendor/laravel/framework/src/Illuminate/Pipeline/Pipeline.php(183): Illuminate\\Http\\Middleware\\TrustProxies->handle()
#34 /home/fabrica0/Escritorio/php/app_complementariaBack/vendor/laravel/framework/src/Illuminate/Pipeline/Pipeline.php(119): Illuminate\\Pipeline\\Pipeline->Illuminate\\Pipeline\\{closure}()
#35 /home/fabrica0/Escritorio/php/app_complementariaBack/vendor/laravel/framework/src/Illuminate/Foundation/Http/Kernel.php(176): Illuminate\\Pipeline\\Pipeline->then()
#36 /home/fabrica0/Escritorio/php/app_complementariaBack/vendor/laravel/framework/src/Illuminate/Foundation/Http/Kernel.php(145): Illuminate\\Foundation\\Http\\Kernel->sendRequestThroughRouter()
#37 /home/fabrica0/Escritorio/php/app_complementariaBack/vendor/laravel/framework/src/Illuminate/Foundation/Application.php(1188): Illuminate\\Foundation\\Http\\Kernel->handle()
#38 /home/fabrica0/Escritorio/php/app_complementariaBack/public/index.php(17): Illuminate\\Foundation\\Application->handleRequest()
#39 /home/fabrica0/Escritorio/php/app_complementariaBack/vendor/laravel/framework/src/Illuminate/Foundation/resources/server.php(23): require_once('...')
#40 {main}
"} 
